[  2%] Built target rero_ros__rosidl_generator_type_description
[  2%] Built target ament_cmake_python_symlink_rero_ros
[  4%] Built target rero_ros__cpp
[ 20%] Built target rero_ros__rosidl_generator_c
[ 30%] Built target rero_ros__rosidl_typesupport_cpp
[ 38%] Built target rero_ros__rosidl_typesupport_fastrtps_cpp
[ 44%] Built target rero_ros__rosidl_typesupport_fastrtps_c
[ 54%] Built target rero_ros__rosidl_typesupport_introspection_c
[ 60%] Built target rero_ros__rosidl_typesupport_c
[ 68%] Built target rero_ros__rosidl_typesupport_introspection_cpp
[ 72%] Built target nlu
[ 74%] [32mBuilding CXX object CMakeFiles/speech_recognition.dir/src/speech_recognition.cpp.o[0m
[ 78%] Built target text_to_speech
[ 78%] Built target rero_ros
[ 80%] Built target rero_ros__py
[ 86%] Built target rero_ros__rosidl_generator_py
[ 92%] Built target rero_ros_s__rosidl_typesupport_fastrtps_c
[ 94%] Built target rero_ros_s__rosidl_typesupport_introspection_c
[ 98%] Built target rero_ros_s__rosidl_typesupport_c
running egg_info
writing rero_ros.egg-info/PKG-INFO
writing dependency_links to rero_ros.egg-info/dependency_links.txt
writing top-level names to rero_ros.egg-info/top_level.txt
reading manifest file 'rero_ros.egg-info/SOURCES.txt'
writing manifest file 'rero_ros.egg-info/SOURCES.txt'
[ 98%] Built target ament_cmake_python_build_rero_ros_egg
[100%] [32m[1mLinking CXX executable speech_recognition[0m
[100%] Built target speech_recognition
-- Install configuration: ""
-- Execute custom install script
-- Symlinking: /home/turtle/ws/rero_ros/install/rero_ros/share/ament_index/resource_index/rosidl_interfaces/rero_ros
-- Symlinking: /home/turtle/ws/rero_ros/install/rero_ros/share/rero_ros/msg/Slot.json
-- Symlinking: /home/turtle/ws/rero_ros/install/rero_ros/share/rero_ros/msg/Intent.json
-- Symlinking: /home/turtle/ws/rero_ros/install/rero_ros/include/rero_ros/rero_ros/msg/detail/intent__functions.h
-- Symlinking: /home/turtle/ws/rero_ros/install/rero_ros/include/rero_ros/rero_ros/msg/detail/intent__struct.h
-- Symlinking: /home/turtle/ws/rero_ros/install/rero_ros/include/rero_ros/rero_ros/msg/detail/intent__type_support.h
-- Symlinking: /home/turtle/ws/rero_ros/install/rero_ros/include/rero_ros/rero_ros/msg/detail/slot__functions.h
-- Symlinking: /home/turtle/ws/rero_ros/install/rero_ros/include/rero_ros/rero_ros/msg/detail/slot__struct.h
-- Symlinking: /home/turtle/ws/rero_ros/install/rero_ros/include/rero_ros/rero_ros/msg/detail/slot__type_support.h
-- Symlinking: /home/turtle/ws/rero_ros/install/rero_ros/include/rero_ros/rero_ros/msg/intent.h
-- Symlinking: /home/turtle/ws/rero_ros/install/rero_ros/include/rero_ros/rero_ros/msg/rosidl_generator_c__visibility_control.h
-- Symlinking: /home/turtle/ws/rero_ros/install/rero_ros/include/rero_ros/rero_ros/msg/slot.h
-- Symlinking: /home/turtle/ws/rero_ros/install/rero_ros/share/rero_ros/environment/library_path.sh
-- Symlinking: /home/turtle/ws/rero_ros/install/rero_ros/share/rero_ros/environment/library_path.dsv
-- Symlinking: /home/turtle/ws/rero_ros/install/rero_ros/include/rero_ros/rero_ros/msg/detail/intent__rosidl_typesupport_fastrtps_c.h
-- Symlinking: /home/turtle/ws/rero_ros/install/rero_ros/include/rero_ros/rero_ros/msg/detail/slot__rosidl_typesupport_fastrtps_c.h
-- Symlinking: /home/turtle/ws/rero_ros/install/rero_ros/include/rero_ros/rero_ros/msg/rosidl_typesupport_fastrtps_c__visibility_control.h
-- Symlinking: /home/turtle/ws/rero_ros/install/rero_ros/include/rero_ros/rero_ros/msg/detail/intent__builder.hpp
-- Symlinking: /home/turtle/ws/rero_ros/install/rero_ros/include/rero_ros/rero_ros/msg/detail/intent__struct.hpp
-- Symlinking: /home/turtle/ws/rero_ros/install/rero_ros/include/rero_ros/rero_ros/msg/detail/intent__traits.hpp
-- Symlinking: /home/turtle/ws/rero_ros/install/rero_ros/include/rero_ros/rero_ros/msg/detail/intent__type_support.hpp
-- Symlinking: /home/turtle/ws/rero_ros/install/rero_ros/include/rero_ros/rero_ros/msg/detail/slot__builder.hpp
-- Symlinking: /home/turtle/ws/rero_ros/install/rero_ros/include/rero_ros/rero_ros/msg/detail/slot__struct.hpp
-- Symlinking: /home/turtle/ws/rero_ros/install/rero_ros/include/rero_ros/rero_ros/msg/detail/slot__traits.hpp
-- Symlinking: /home/turtle/ws/rero_ros/install/rero_ros/include/rero_ros/rero_ros/msg/detail/slot__type_support.hpp
-- Symlinking: /home/turtle/ws/rero_ros/install/rero_ros/include/rero_ros/rero_ros/msg/intent.hpp
-- Symlinking: /home/turtle/ws/rero_ros/install/rero_ros/include/rero_ros/rero_ros/msg/rosidl_generator_cpp__visibility_control.hpp
-- Symlinking: /home/turtle/ws/rero_ros/install/rero_ros/include/rero_ros/rero_ros/msg/slot.hpp
-- Symlinking: /home/turtle/ws/rero_ros/install/rero_ros/include/rero_ros/rero_ros/msg/detail/intent__rosidl_typesupport_fastrtps_cpp.hpp
-- Symlinking: /home/turtle/ws/rero_ros/install/rero_ros/include/rero_ros/rero_ros/msg/detail/slot__rosidl_typesupport_fastrtps_cpp.hpp
-- Symlinking: /home/turtle/ws/rero_ros/install/rero_ros/include/rero_ros/rero_ros/msg/rosidl_typesupport_fastrtps_cpp__visibility_control.h
-- Symlinking: /home/turtle/ws/rero_ros/install/rero_ros/include/rero_ros/rero_ros/msg/detail/intent__rosidl_typesupport_introspection_c.h
-- Symlinking: /home/turtle/ws/rero_ros/install/rero_ros/include/rero_ros/rero_ros/msg/detail/slot__rosidl_typesupport_introspection_c.h
-- Symlinking: /home/turtle/ws/rero_ros/install/rero_ros/include/rero_ros/rero_ros/msg/rosidl_typesupport_introspection_c__visibility_control.h
-- Symlinking: /home/turtle/ws/rero_ros/install/rero_ros/include/rero_ros/rero_ros/msg/detail/intent__rosidl_typesupport_introspection_cpp.hpp
-- Symlinking: /home/turtle/ws/rero_ros/install/rero_ros/include/rero_ros/rero_ros/msg/detail/slot__rosidl_typesupport_introspection_cpp.hpp
-- Symlinking: /home/turtle/ws/rero_ros/install/rero_ros/share/rero_ros/environment/pythonpath.sh
-- Symlinking: /home/turtle/ws/rero_ros/install/rero_ros/share/rero_ros/environment/pythonpath.dsv
-- Symlinking: /home/turtle/ws/rero_ros/install/rero_ros/lib/python3.12/site-packages/rero_ros-0.0.0-py3.12.egg-info/PKG-INFO
-- Symlinking: /home/turtle/ws/rero_ros/install/rero_ros/lib/python3.12/site-packages/rero_ros-0.0.0-py3.12.egg-info/SOURCES.txt
-- Symlinking: /home/turtle/ws/rero_ros/install/rero_ros/lib/python3.12/site-packages/rero_ros-0.0.0-py3.12.egg-info/dependency_links.txt
-- Symlinking: /home/turtle/ws/rero_ros/install/rero_ros/lib/python3.12/site-packages/rero_ros-0.0.0-py3.12.egg-info/top_level.txt
-- Symlinking: /home/turtle/ws/rero_ros/install/rero_ros/lib/python3.12/site-packages/rero_ros/__init__.py
-- Symlinking: /home/turtle/ws/rero_ros/install/rero_ros/lib/python3.12/site-packages/rero_ros/_rero_ros_s.ep.rosidl_typesupport_c.c
-- Symlinking: /home/turtle/ws/rero_ros/install/rero_ros/lib/python3.12/site-packages/rero_ros/_rero_ros_s.ep.rosidl_typesupport_fastrtps_c.c
-- Symlinking: /home/turtle/ws/rero_ros/install/rero_ros/lib/python3.12/site-packages/rero_ros/_rero_ros_s.ep.rosidl_typesupport_introspection_c.c
-- Symlinking: /home/turtle/ws/rero_ros/install/rero_ros/lib/python3.12/site-packages/rero_ros/msg/__init__.py
-- Symlinking: /home/turtle/ws/rero_ros/install/rero_ros/lib/python3.12/site-packages/rero_ros/msg/_intent.py
-- Symlinking: /home/turtle/ws/rero_ros/install/rero_ros/lib/python3.12/site-packages/rero_ros/msg/_intent_s.c
-- Symlinking: /home/turtle/ws/rero_ros/install/rero_ros/lib/python3.12/site-packages/rero_ros/msg/_slot.py
-- Symlinking: /home/turtle/ws/rero_ros/install/rero_ros/lib/python3.12/site-packages/rero_ros/msg/_slot_s.c
-- Symlinking: /home/turtle/ws/rero_ros/install/rero_ros/lib/python3.12/site-packages/rero_ros/rero_ros_s__rosidl_typesupport_c.so
-- Symlinking: /home/turtle/ws/rero_ros/install/rero_ros/lib/python3.12/site-packages/rero_ros/rero_ros_s__rosidl_typesupport_fastrtps_c.so
-- Symlinking: /home/turtle/ws/rero_ros/install/rero_ros/lib/python3.12/site-packages/rero_ros/rero_ros_s__rosidl_typesupport_introspection_c.so
-- Up-to-date symlink: /home/turtle/ws/rero_ros/install/rero_ros/lib/python3.12/site-packages/rero_ros/rero_ros_s__rosidl_typesupport_fastrtps_c.so
-- Up-to-date symlink: /home/turtle/ws/rero_ros/install/rero_ros/lib/python3.12/site-packages/rero_ros/rero_ros_s__rosidl_typesupport_introspection_c.so
-- Up-to-date symlink: /home/turtle/ws/rero_ros/install/rero_ros/lib/python3.12/site-packages/rero_ros/rero_ros_s__rosidl_typesupport_c.so
-- Symlinking: /home/turtle/ws/rero_ros/install/rero_ros/share/rero_ros/msg/Slot.idl
-- Symlinking: /home/turtle/ws/rero_ros/install/rero_ros/share/rero_ros/msg/Intent.idl
-- Symlinking: /home/turtle/ws/rero_ros/install/rero_ros/share/rero_ros/msg/Slot.msg
-- Symlinking: /home/turtle/ws/rero_ros/install/rero_ros/share/rero_ros/msg/Intent.msg
-- Symlinking: /home/turtle/ws/rero_ros/install/rero_ros/lib/rero_ros/nlu
-- Symlinking: /home/turtle/ws/rero_ros/install/rero_ros/lib/rero_ros/text_to_speech
-- Symlinking: /home/turtle/ws/rero_ros/install/rero_ros/lib/rero_ros/speech_recognition
-- Symlinking: /home/turtle/ws/rero_ros/install/rero_ros/share/rero_ros/launch/nlu.launch.xml
-- Symlinking: /home/turtle/ws/rero_ros/install/rero_ros/share/rero_ros/launch/speech_recognition.launch.xml
-- Symlinking: /home/turtle/ws/rero_ros/install/rero_ros/share/rero_ros/launch/text_to_speech.launch.xml
-- Symlinking: /home/turtle/ws/rero_ros/install/rero_ros/share/ament_index/resource_index/package_run_dependencies/rero_ros
-- Symlinking: /home/turtle/ws/rero_ros/install/rero_ros/share/ament_index/resource_index/parent_prefix_path/rero_ros
-- Symlinking: /home/turtle/ws/rero_ros/install/rero_ros/share/rero_ros/environment/ament_prefix_path.sh
-- Symlinking: /home/turtle/ws/rero_ros/install/rero_ros/share/rero_ros/environment/ament_prefix_path.dsv
-- Symlinking: /home/turtle/ws/rero_ros/install/rero_ros/share/rero_ros/environment/path.sh
-- Symlinking: /home/turtle/ws/rero_ros/install/rero_ros/share/rero_ros/environment/path.dsv
-- Symlinking: /home/turtle/ws/rero_ros/install/rero_ros/share/rero_ros/local_setup.bash
-- Symlinking: /home/turtle/ws/rero_ros/install/rero_ros/share/rero_ros/local_setup.sh
-- Symlinking: /home/turtle/ws/rero_ros/install/rero_ros/share/rero_ros/local_setup.zsh
-- Symlinking: /home/turtle/ws/rero_ros/install/rero_ros/share/rero_ros/local_setup.dsv
-- Symlinking: /home/turtle/ws/rero_ros/install/rero_ros/share/rero_ros/package.dsv
-- Symlinking: /home/turtle/ws/rero_ros/install/rero_ros/share/ament_index/resource_index/packages/rero_ros
-- Symlinking: /home/turtle/ws/rero_ros/install/rero_ros/share/rero_ros/cmake/rosidl_cmake-extras.cmake
-- Symlinking: /home/turtle/ws/rero_ros/install/rero_ros/share/rero_ros/cmake/ament_cmake_export_dependencies-extras.cmake
-- Symlinking: /home/turtle/ws/rero_ros/install/rero_ros/share/rero_ros/cmake/ament_cmake_export_include_directories-extras.cmake
-- Symlinking: /home/turtle/ws/rero_ros/install/rero_ros/share/rero_ros/cmake/ament_cmake_export_libraries-extras.cmake
-- Symlinking: /home/turtle/ws/rero_ros/install/rero_ros/share/rero_ros/cmake/ament_cmake_export_targets-extras.cmake
-- Symlinking: /home/turtle/ws/rero_ros/install/rero_ros/share/rero_ros/cmake/rosidl_cmake_export_typesupport_targets-extras.cmake
-- Symlinking: /home/turtle/ws/rero_ros/install/rero_ros/share/rero_ros/cmake/rosidl_cmake_export_typesupport_libraries-extras.cmake
-- Symlinking: /home/turtle/ws/rero_ros/install/rero_ros/share/rero_ros/cmake/rero_rosConfig.cmake
-- Symlinking: /home/turtle/ws/rero_ros/install/rero_ros/share/rero_ros/cmake/rero_rosConfig-version.cmake
-- Symlinking: /home/turtle/ws/rero_ros/install/rero_ros/share/rero_ros/package.xml
-- Installing: /home/turtle/ws/rero_ros/install/rero_ros/lib/librero_ros__rosidl_generator_c.so
-- Set non-toolchain portion of runtime path of "/home/turtle/ws/rero_ros/install/rero_ros/lib/librero_ros__rosidl_generator_c.so" to ""
-- Installing: /home/turtle/ws/rero_ros/install/rero_ros/lib/librero_ros__rosidl_typesupport_fastrtps_c.so
-- Set non-toolchain portion of runtime path of "/home/turtle/ws/rero_ros/install/rero_ros/lib/librero_ros__rosidl_typesupport_fastrtps_c.so" to ""
-- Installing: /home/turtle/ws/rero_ros/install/rero_ros/lib/librero_ros__rosidl_typesupport_fastrtps_cpp.so
-- Set non-toolchain portion of runtime path of "/home/turtle/ws/rero_ros/install/rero_ros/lib/librero_ros__rosidl_typesupport_fastrtps_cpp.so" to ""
-- Installing: /home/turtle/ws/rero_ros/install/rero_ros/lib/librero_ros__rosidl_typesupport_introspection_c.so
-- Set non-toolchain portion of runtime path of "/home/turtle/ws/rero_ros/install/rero_ros/lib/librero_ros__rosidl_typesupport_introspection_c.so" to ""
-- Installing: /home/turtle/ws/rero_ros/install/rero_ros/lib/librero_ros__rosidl_typesupport_c.so
-- Set non-toolchain portion of runtime path of "/home/turtle/ws/rero_ros/install/rero_ros/lib/librero_ros__rosidl_typesupport_c.so" to ""
-- Installing: /home/turtle/ws/rero_ros/install/rero_ros/lib/librero_ros__rosidl_typesupport_introspection_cpp.so
-- Set non-toolchain portion of runtime path of "/home/turtle/ws/rero_ros/install/rero_ros/lib/librero_ros__rosidl_typesupport_introspection_cpp.so" to ""
-- Installing: /home/turtle/ws/rero_ros/install/rero_ros/lib/librero_ros__rosidl_typesupport_cpp.so
-- Set non-toolchain portion of runtime path of "/home/turtle/ws/rero_ros/install/rero_ros/lib/librero_ros__rosidl_typesupport_cpp.so" to ""
Listing '/home/turtle/ws/rero_ros/install/rero_ros/lib/python3.12/site-packages/rero_ros'...
Compiling '/home/turtle/ws/rero_ros/install/rero_ros/lib/python3.12/site-packages/rero_ros/__init__.py'...
Listing '/home/turtle/ws/rero_ros/install/rero_ros/lib/python3.12/site-packages/rero_ros/msg'...
Compiling '/home/turtle/ws/rero_ros/install/rero_ros/lib/python3.12/site-packages/rero_ros/msg/__init__.py'...
Compiling '/home/turtle/ws/rero_ros/install/rero_ros/lib/python3.12/site-packages/rero_ros/msg/_intent.py'...
Compiling '/home/turtle/ws/rero_ros/install/rero_ros/lib/python3.12/site-packages/rero_ros/msg/_slot.py'...
-- Installing: /home/turtle/ws/rero_ros/install/rero_ros/lib/librero_ros__rosidl_generator_py.so
-- Set non-toolchain portion of runtime path of "/home/turtle/ws/rero_ros/install/rero_ros/lib/librero_ros__rosidl_generator_py.so" to ""
-- Installing: /home/turtle/ws/rero_ros/install/rero_ros/share/rero_ros/cmake/export_rero_ros__rosidl_generator_cExport.cmake
-- Installing: /home/turtle/ws/rero_ros/install/rero_ros/share/rero_ros/cmake/export_rero_ros__rosidl_generator_cExport-noconfig.cmake
-- Installing: /home/turtle/ws/rero_ros/install/rero_ros/share/rero_ros/cmake/export_rero_ros__rosidl_typesupport_fastrtps_cExport.cmake
-- Installing: /home/turtle/ws/rero_ros/install/rero_ros/share/rero_ros/cmake/export_rero_ros__rosidl_typesupport_fastrtps_cExport-noconfig.cmake
-- Installing: /home/turtle/ws/rero_ros/install/rero_ros/share/rero_ros/cmake/export_rero_ros__rosidl_generator_cppExport.cmake
-- Installing: /home/turtle/ws/rero_ros/install/rero_ros/share/rero_ros/cmake/export_rero_ros__rosidl_typesupport_fastrtps_cppExport.cmake
-- Installing: /home/turtle/ws/rero_ros/install/rero_ros/share/rero_ros/cmake/export_rero_ros__rosidl_typesupport_fastrtps_cppExport-noconfig.cmake
-- Installing: /home/turtle/ws/rero_ros/install/rero_ros/share/rero_ros/cmake/rero_ros__rosidl_typesupport_introspection_cExport.cmake
-- Installing: /home/turtle/ws/rero_ros/install/rero_ros/share/rero_ros/cmake/rero_ros__rosidl_typesupport_introspection_cExport-noconfig.cmake
-- Installing: /home/turtle/ws/rero_ros/install/rero_ros/share/rero_ros/cmake/rero_ros__rosidl_typesupport_cExport.cmake
-- Installing: /home/turtle/ws/rero_ros/install/rero_ros/share/rero_ros/cmake/rero_ros__rosidl_typesupport_cExport-noconfig.cmake
-- Installing: /home/turtle/ws/rero_ros/install/rero_ros/share/rero_ros/cmake/rero_ros__rosidl_typesupport_introspection_cppExport.cmake
-- Installing: /home/turtle/ws/rero_ros/install/rero_ros/share/rero_ros/cmake/rero_ros__rosidl_typesupport_introspection_cppExport-noconfig.cmake
-- Installing: /home/turtle/ws/rero_ros/install/rero_ros/share/rero_ros/cmake/rero_ros__rosidl_typesupport_cppExport.cmake
-- Installing: /home/turtle/ws/rero_ros/install/rero_ros/share/rero_ros/cmake/rero_ros__rosidl_typesupport_cppExport-noconfig.cmake
-- Installing: /home/turtle/ws/rero_ros/install/rero_ros/share/rero_ros/cmake/export_rero_ros__rosidl_generator_pyExport.cmake
-- Installing: /home/turtle/ws/rero_ros/install/rero_ros/share/rero_ros/cmake/export_rero_ros__rosidl_generator_pyExport-noconfig.cmake
