-- The C compiler identification is GNU 13.3.0
-- The CXX compiler identification is GNU 13.3.0
-- Detecting C compiler ABI info
-- Detecting C compiler ABI info - done
-- Check for working C compiler: /usr/bin/cc - skipped
-- Detecting C compile features
-- Detecting C compile features - done
-- Detecting CXX compiler ABI info
-- Detecting CXX compiler ABI info - done
-- Check for working CXX compiler: /usr/bin/c++ - skipped
-- Detecting CXX compile features
-- Detecting CXX compile features - done
-- Found ament_cmake: 2.5.4 (/opt/ros/jazzy/share/ament_cmake/cmake)
-- Found Python3: /usr/bin/python3 (found version "3.12.3") found components: Interpreter 
-- Override CMake install command with custom implementation using symlinks instead of copying resources
-- Found rclcpp: 28.1.10 (/opt/ros/jazzy/share/rclcpp/cmake)
-- Found rosidl_generator_c: 4.6.5 (/opt/ros/jazzy/share/rosidl_generator_c/cmake)
-- Found rosidl_generator_cpp: 4.6.5 (/opt/ros/jazzy/share/rosidl_generator_cpp/cmake)
-- Using all available rosidl_typesupport_c: rosidl_typesupport_fastrtps_c;rosidl_typesupport_introspection_c
-- Using all available rosidl_typesupport_cpp: rosidl_typesupport_fastrtps_cpp;rosidl_typesupport_introspection_cpp
-- Found rmw_implementation_cmake: 7.3.2 (/opt/ros/jazzy/share/rmw_implementation_cmake/cmake)
-- Found rmw_fastrtps_cpp: 8.4.2 (/opt/ros/jazzy/share/rmw_fastrtps_cpp/cmake)
-- Found OpenSSL: /usr/lib/aarch64-linux-gnu/libcrypto.so (found version "3.0.13")  
-- Found FastRTPS: /opt/ros/jazzy/include (Required is at least version "2.13") 
-- Using RMW implementation 'rmw_fastrtps_cpp' as default
-- Found std_msgs: 5.3.6 (/opt/ros/jazzy/share/std_msgs/cmake)
-- Found rosidl_default_generators: 1.6.0 (/opt/ros/jazzy/share/rosidl_default_generators/cmake)
-- Found rosidl_adapter: 4.6.5 (/opt/ros/jazzy/share/rosidl_adapter/cmake)
-- Performing Test CMAKE_HAVE_LIBC_PTHREAD
-- Performing Test CMAKE_HAVE_LIBC_PTHREAD - Success
-- Found Threads: TRUE  
-- Using protobuf 31.1.0
-- Using gRPC 1.74.0
-- Found ament_cmake_ros: 0.12.0 (/opt/ros/jazzy/share/ament_cmake_ros/cmake)
-- Using all available rosidl_typesupport_c: rosidl_typesupport_fastrtps_c;rosidl_typesupport_introspection_c
-- Using all available rosidl_typesupport_cpp: rosidl_typesupport_fastrtps_cpp;rosidl_typesupport_introspection_cpp
-- Found python_cmake_module: 0.11.1 (/opt/ros/jazzy/share/python_cmake_module/cmake)
-- Found PythonExtra: /usr/bin/python3  
-- Found Python3: /usr/bin/python3 (found version "3.12.3") found components: Interpreter Development NumPy Development.Module Development.Embed 
-- Configuring done (5.3s)
-- Generating done (0.1s)
-- Build files have been written to: /home/turtle/ws/rero_ros/build/rero_ros
[  2%] [34m[1mGenerating type hashes for ROS interfaces[0m
[  2%] Built target ament_cmake_python_symlink_rero_ros
[  2%] Built target rero_ros__rosidl_generator_type_description
running egg_info
creating rero_ros.egg-info
[  4%] [34m[1mGenerating C code for ROS interfaces[0m
writing rero_ros.egg-info/PKG-INFO
writing dependency_links to rero_ros.egg-info/dependency_links.txt
writing top-level names to rero_ros.egg-info/top_level.txt
writing manifest file 'rero_ros.egg-info/SOURCES.txt'
[  6%] [34m[1mGenerating C++ code for ROS interfaces[0m
reading manifest file 'rero_ros.egg-info/SOURCES.txt'
writing manifest file 'rero_ros.egg-info/SOURCES.txt'
[  6%] Built target ament_cmake_python_build_rero_ros_egg
[  6%] Built target rero_ros__cpp
[ 12%] [32mBuilding C object CMakeFiles/rero_ros__rosidl_generator_c.dir/rosidl_generator_c/rero_ros/msg/detail/slot__type_support.c.o[0m
[ 12%] [32mBuilding C object CMakeFiles/rero_ros__rosidl_generator_c.dir/rosidl_generator_c/rero_ros/msg/detail/slot__description.c.o[0m
[ 12%] [32mBuilding C object CMakeFiles/rero_ros__rosidl_generator_c.dir/rosidl_generator_c/rero_ros/msg/detail/slot__functions.c.o[0m
[ 14%] [32mBuilding C object CMakeFiles/rero_ros__rosidl_generator_c.dir/rosidl_generator_c/rero_ros/msg/detail/intent__description.c.o[0m
[ 16%] [32mBuilding C object CMakeFiles/rero_ros__rosidl_generator_c.dir/rosidl_generator_c/rero_ros/msg/detail/intent__functions.c.o[0m
[ 18%] [32mBuilding C object CMakeFiles/rero_ros__rosidl_generator_c.dir/rosidl_generator_c/rero_ros/msg/detail/intent__type_support.c.o[0m
[ 20%] [32m[1mLinking C shared library librero_ros__rosidl_generator_c.so[0m
[ 20%] Built target rero_ros__rosidl_generator_c
[ 26%] [34m[1mGenerating C++ type support dispatch for ROS interfaces[0m
[ 26%] [34m[1mGenerating C type support for eProsima Fast-RTPS[0m
[ 26%] [34m[1mGenerating C introspection for ROS interfaces[0m
[ 28%] [34m[1mGenerating C++ type support for eProsima Fast-RTPS[0m
[ 30%] [32mBuilding C object CMakeFiles/rero_ros__rosidl_typesupport_introspection_c.dir/rosidl_typesupport_introspection_c/rero_ros/msg/detail/slot__type_support.c.o[0m
[ 32%] [32mBuilding CXX object CMakeFiles/rero_ros__rosidl_typesupport_fastrtps_cpp.dir/rosidl_typesupport_fastrtps_cpp/rero_ros/msg/detail/dds_fastrtps/slot__type_support.cpp.o[0m
[ 34%] [32mBuilding CXX object CMakeFiles/rero_ros__rosidl_typesupport_cpp.dir/rosidl_typesupport_cpp/rero_ros/msg/slot__type_support.cpp.o[0m
[ 36%] [32mBuilding CXX object CMakeFiles/rero_ros__rosidl_typesupport_fastrtps_c.dir/rosidl_typesupport_fastrtps_c/rero_ros/msg/detail/slot__type_support_c.cpp.o[0m
[ 38%] [32mBuilding C object CMakeFiles/rero_ros__rosidl_typesupport_introspection_c.dir/rosidl_typesupport_introspection_c/rero_ros/msg/detail/intent__type_support.c.o[0m
[ 40%] [32m[1mLinking C shared library librero_ros__rosidl_typesupport_introspection_c.so[0m
[ 40%] Built target rero_ros__rosidl_typesupport_introspection_c
[ 42%] [34m[1mGenerating C type support dispatch for ROS interfaces[0m
[ 44%] [32mBuilding CXX object CMakeFiles/rero_ros__rosidl_typesupport_cpp.dir/rosidl_typesupport_cpp/rero_ros/msg/intent__type_support.cpp.o[0m
[ 46%] [32mBuilding CXX object CMakeFiles/rero_ros__rosidl_typesupport_c.dir/rosidl_typesupport_c/rero_ros/msg/slot__type_support.cpp.o[0m
[ 48%] [32mBuilding CXX object CMakeFiles/rero_ros__rosidl_typesupport_c.dir/rosidl_typesupport_c/rero_ros/msg/intent__type_support.cpp.o[0m
[ 50%] [32m[1mLinking CXX shared library librero_ros__rosidl_typesupport_c.so[0m
[ 52%] [32mBuilding CXX object CMakeFiles/rero_ros__rosidl_typesupport_fastrtps_cpp.dir/rosidl_typesupport_fastrtps_cpp/rero_ros/msg/detail/dds_fastrtps/intent__type_support.cpp.o[0m
[ 54%] [32mBuilding CXX object CMakeFiles/rero_ros__rosidl_typesupport_fastrtps_c.dir/rosidl_typesupport_fastrtps_c/rero_ros/msg/detail/intent__type_support_c.cpp.o[0m
[ 54%] Built target rero_ros__rosidl_typesupport_c
[ 56%] [34m[1mGenerating C++ introspection for ROS interfaces[0m
[ 58%] [32m[1mLinking CXX shared library librero_ros__rosidl_typesupport_cpp.so[0m
[ 58%] Built target rero_ros__rosidl_typesupport_cpp
[ 60%] [32mBuilding CXX object CMakeFiles/nlu.dir/src/nlu.cpp.o[0m
[ 62%] [32mBuilding CXX object CMakeFiles/rero_ros__rosidl_typesupport_introspection_cpp.dir/rosidl_typesupport_introspection_cpp/rero_ros/msg/detail/slot__type_support.cpp.o[0m
[ 64%] [32m[1mLinking CXX shared library librero_ros__rosidl_typesupport_fastrtps_c.so[0m
[ 66%] [32m[1mLinking CXX shared library librero_ros__rosidl_typesupport_fastrtps_cpp.so[0m
[ 66%] Built target rero_ros__rosidl_typesupport_fastrtps_c
[ 68%] [32mBuilding CXX object CMakeFiles/speech_recognition.dir/src/speech_recognition.cpp.o[0m
[ 68%] Built target rero_ros__rosidl_typesupport_fastrtps_cpp
[ 70%] [32mBuilding CXX object CMakeFiles/text_to_speech.dir/src/text_to_speech.cpp.o[0m
[ 72%] [32mBuilding CXX object CMakeFiles/rero_ros__rosidl_typesupport_introspection_cpp.dir/rosidl_typesupport_introspection_cpp/rero_ros/msg/detail/intent__type_support.cpp.o[0m
[ 74%] [32m[1mLinking CXX shared library librero_ros__rosidl_typesupport_introspection_cpp.so[0m
[ 74%] Built target rero_ros__rosidl_typesupport_introspection_cpp
[ 74%] Built target rero_ros
[ 76%] [34m[1mGenerating Python code for ROS interfaces[0m
[ 76%] Built target rero_ros__py
[ 78%] [32mBuilding C object CMakeFiles/rero_ros__rosidl_generator_py.dir/rosidl_generator_py/rero_ros/msg/_slot_s.c.o[0m
[ 80%] [32mBuilding C object CMakeFiles/rero_ros__rosidl_generator_py.dir/rosidl_generator_py/rero_ros/msg/_intent_s.c.o[0m
[ 82%] [32m[1mLinking C shared library librero_ros__rosidl_generator_py.so[0m
[ 82%] Built target rero_ros__rosidl_generator_py
[ 84%] [32mBuilding C object CMakeFiles/rero_ros_s__rosidl_typesupport_fastrtps_c.dir/rosidl_generator_py/rero_ros/_rero_ros_s.ep.rosidl_typesupport_fastrtps_c.c.o[0m
[ 86%] [32m[1mLinking C shared module rosidl_generator_py/rero_ros/rero_ros_s__rosidl_typesupport_fastrtps_c.so[0m
[ 86%] Built target rero_ros_s__rosidl_typesupport_fastrtps_c
[ 88%] [32mBuilding C object CMakeFiles/rero_ros_s__rosidl_typesupport_introspection_c.dir/rosidl_generator_py/rero_ros/_rero_ros_s.ep.rosidl_typesupport_introspection_c.c.o[0m
[ 90%] [32m[1mLinking C shared module rosidl_generator_py/rero_ros/rero_ros_s__rosidl_typesupport_introspection_c.so[0m
[ 90%] Built target rero_ros_s__rosidl_typesupport_introspection_c
[ 92%] [32mBuilding C object CMakeFiles/rero_ros_s__rosidl_typesupport_c.dir/rosidl_generator_py/rero_ros/_rero_ros_s.ep.rosidl_typesupport_c.c.o[0m
[ 94%] [32m[1mLinking C shared module rosidl_generator_py/rero_ros/rero_ros_s__rosidl_typesupport_c.so[0m
[ 94%] Built target rero_ros_s__rosidl_typesupport_c
[ 96%] [32m[1mLinking CXX executable speech_recognition[0m
[ 98%] [32m[1mLinking CXX executable text_to_speech[0m
[100%] [32m[1mLinking CXX executable nlu[0m
[100%] Built target text_to_speech
[100%] Built target nlu
