[0.013s] Invoking command in '/home/turtle/ws/rero_ros/build/rero_ros': CMAKE_PREFIX_PATH=${CMAKE_PREFIX_PATH}:/opt/ros/jazzy DEBUGINFOD_URLS=https://debuginfod.ubuntu.com /usr/bin/cmake /home/turtle/ws/rero_ros -DGRPC_FETCHCONTENT=OFF -DCMAKE_PREFIX_PATH=~/grpc_install -DAMENT_CMAKE_SYMLINK_INSTALL=1 -DCMAKE_INSTALL_PREFIX=/home/turtle/ws/rero_ros/install/rero_ros
[0.110s] -- The C compiler identification is GNU 13.3.0
[0.205s] -- The CXX compiler identification is GNU 13.3.0
[0.231s] -- Detecting C compiler ABI info
[0.383s] -- Detecting C compiler ABI info - done
[0.397s] -- Check for working C compiler: /usr/bin/cc - skipped
[0.397s] -- Detecting C compile features
[0.398s] -- Detecting C compile features - done
[0.412s] -- Detecting CXX compiler ABI info
[0.576s] -- Detecting CXX compiler ABI info - done
[0.592s] -- Check for working CXX compiler: /usr/bin/c++ - skipped
[0.593s] -- Detecting CXX compile features
[0.593s] -- Detecting CXX compile features - done
[0.597s] -- Found ament_cmake: 2.5.4 (/opt/ros/jazzy/share/ament_cmake/cmake)
[0.819s] -- Found Python3: /usr/bin/python3 (found version "3.12.3") found components: Interpreter 
[0.938s] -- Override CMake install command with custom implementation using symlinks instead of copying resources
[0.977s] -- Found rclcpp: 28.1.10 (/opt/ros/jazzy/share/rclcpp/cmake)
[1.028s] -- Found rosidl_generator_c: 4.6.5 (/opt/ros/jazzy/share/rosidl_generator_c/cmake)
[1.046s] -- Found rosidl_generator_cpp: 4.6.5 (/opt/ros/jazzy/share/rosidl_generator_cpp/cmake)
[1.068s] -- Using all available rosidl_typesupport_c: rosidl_typesupport_fastrtps_c;rosidl_typesupport_introspection_c
[1.095s] -- Using all available rosidl_typesupport_cpp: rosidl_typesupport_fastrtps_cpp;rosidl_typesupport_introspection_cpp
[1.196s] -- Found rmw_implementation_cmake: 7.3.2 (/opt/ros/jazzy/share/rmw_implementation_cmake/cmake)
[1.200s] -- Found rmw_fastrtps_cpp: 8.4.2 (/opt/ros/jazzy/share/rmw_fastrtps_cpp/cmake)
[1.331s] -- Found OpenSSL: /usr/lib/aarch64-linux-gnu/libcrypto.so (found version "3.0.13")  
[1.359s] -- Found FastRTPS: /opt/ros/jazzy/include (Required is at least version "2.13") 
[1.395s] -- Using RMW implementation 'rmw_fastrtps_cpp' as default
[1.489s] -- Found std_msgs: 5.3.6 (/opt/ros/jazzy/share/std_msgs/cmake)
[1.509s] -- Found rosidl_default_generators: 1.6.0 (/opt/ros/jazzy/share/rosidl_default_generators/cmake)
[1.528s] -- Found rosidl_adapter: 4.6.5 (/opt/ros/jazzy/share/rosidl_adapter/cmake)
[1.531s] -- Performing Test CMAKE_HAVE_LIBC_PTHREAD
[1.681s] -- Performing Test CMAKE_HAVE_LIBC_PTHREAD - Success
[1.683s] -- Found Threads: TRUE  
[1.710s] -- Using protobuf 31.1.0
[1.716s] -- Using gRPC 1.74.0
[2.683s] -- Found ament_cmake_ros: 0.12.0 (/opt/ros/jazzy/share/ament_cmake_ros/cmake)
[3.860s] -- Using all available rosidl_typesupport_c: rosidl_typesupport_fastrtps_c;rosidl_typesupport_introspection_c
[4.328s] -- Using all available rosidl_typesupport_cpp: rosidl_typesupport_fastrtps_cpp;rosidl_typesupport_introspection_cpp
[4.331s] -- Found python_cmake_module: 0.11.1 (/opt/ros/jazzy/share/python_cmake_module/cmake)
[4.541s] -- Found PythonExtra: /usr/bin/python3  
[5.218s] -- Found Python3: /usr/bin/python3 (found version "3.12.3") found components: Interpreter Development NumPy Development.Module Development.Embed 
[5.308s] -- Configuring done (5.3s)
[5.411s] -- Generating done (0.1s)
[5.439s] -- Build files have been written to: /home/turtle/ws/rero_ros/build/rero_ros
[5.466s] Invoked command in '/home/turtle/ws/rero_ros/build/rero_ros' returned '0': CMAKE_PREFIX_PATH=${CMAKE_PREFIX_PATH}:/opt/ros/jazzy DEBUGINFOD_URLS=https://debuginfod.ubuntu.com /usr/bin/cmake /home/turtle/ws/rero_ros -DGRPC_FETCHCONTENT=OFF -DCMAKE_PREFIX_PATH=~/grpc_install -DAMENT_CMAKE_SYMLINK_INSTALL=1 -DCMAKE_INSTALL_PREFIX=/home/turtle/ws/rero_ros/install/rero_ros
[5.469s] Invoking command in '/home/turtle/ws/rero_ros/build/rero_ros': CMAKE_PREFIX_PATH=${CMAKE_PREFIX_PATH}:/opt/ros/jazzy DEBUGINFOD_URLS=https://debuginfod.ubuntu.com /usr/bin/cmake --build /home/turtle/ws/rero_ros/build/rero_ros -- -j4 -l4
[5.556s] [  2%] [34m[1mGenerating type hashes for ROS interfaces[0m
[5.571s] [  2%] Built target ament_cmake_python_symlink_rero_ros
[5.878s] [  2%] Built target rero_ros__rosidl_generator_type_description
[5.879s] running egg_info
[5.880s] creating rero_ros.egg-info
[5.896s] [  4%] [34m[1mGenerating C code for ROS interfaces[0m
[5.911s] writing rero_ros.egg-info/PKG-INFO
[5.911s] writing dependency_links to rero_ros.egg-info/dependency_links.txt
[5.912s] writing top-level names to rero_ros.egg-info/top_level.txt
[5.912s] writing manifest file 'rero_ros.egg-info/SOURCES.txt'
[5.916s] [  6%] [34m[1mGenerating C++ code for ROS interfaces[0m
[6.000s] reading manifest file 'rero_ros.egg-info/SOURCES.txt'
[6.000s] writing manifest file 'rero_ros.egg-info/SOURCES.txt'
[6.079s] [  6%] Built target ament_cmake_python_build_rero_ros_egg
[6.408s] [  6%] Built target rero_ros__cpp
[6.457s] [ 12%] [32mBuilding C object CMakeFiles/rero_ros__rosidl_generator_c.dir/rosidl_generator_c/rero_ros/msg/detail/slot__type_support.c.o[0m
[6.457s] [ 12%] [32mBuilding C object CMakeFiles/rero_ros__rosidl_generator_c.dir/rosidl_generator_c/rero_ros/msg/detail/slot__description.c.o[0m
[6.457s] [ 12%] [32mBuilding C object CMakeFiles/rero_ros__rosidl_generator_c.dir/rosidl_generator_c/rero_ros/msg/detail/slot__functions.c.o[0m
[6.457s] [ 14%] [32mBuilding C object CMakeFiles/rero_ros__rosidl_generator_c.dir/rosidl_generator_c/rero_ros/msg/detail/intent__description.c.o[0m
[6.522s] [ 16%] [32mBuilding C object CMakeFiles/rero_ros__rosidl_generator_c.dir/rosidl_generator_c/rero_ros/msg/detail/intent__functions.c.o[0m
[6.533s] [ 18%] [32mBuilding C object CMakeFiles/rero_ros__rosidl_generator_c.dir/rosidl_generator_c/rero_ros/msg/detail/intent__type_support.c.o[0m
[6.606s] [ 20%] [32m[1mLinking C shared library librero_ros__rosidl_generator_c.so[0m
[6.680s] [ 20%] Built target rero_ros__rosidl_generator_c
[6.703s] [ 26%] [34m[1mGenerating C++ type support dispatch for ROS interfaces[0m
[6.703s] [ 26%] [34m[1mGenerating C type support for eProsima Fast-RTPS[0m
[6.703s] [ 26%] [34m[1mGenerating C introspection for ROS interfaces[0m
[6.703s] [ 28%] [34m[1mGenerating C++ type support for eProsima Fast-RTPS[0m
[7.287s] [ 30%] [32mBuilding C object CMakeFiles/rero_ros__rosidl_typesupport_introspection_c.dir/rosidl_typesupport_introspection_c/rero_ros/msg/detail/slot__type_support.c.o[0m
[7.291s] [ 32%] [32mBuilding CXX object CMakeFiles/rero_ros__rosidl_typesupport_fastrtps_cpp.dir/rosidl_typesupport_fastrtps_cpp/rero_ros/msg/detail/dds_fastrtps/slot__type_support.cpp.o[0m
[7.306s] [ 34%] [32mBuilding CXX object CMakeFiles/rero_ros__rosidl_typesupport_cpp.dir/rosidl_typesupport_cpp/rero_ros/msg/slot__type_support.cpp.o[0m
[7.325s] [ 36%] [32mBuilding CXX object CMakeFiles/rero_ros__rosidl_typesupport_fastrtps_c.dir/rosidl_typesupport_fastrtps_c/rero_ros/msg/detail/slot__type_support_c.cpp.o[0m
[7.366s] [ 38%] [32mBuilding C object CMakeFiles/rero_ros__rosidl_typesupport_introspection_c.dir/rosidl_typesupport_introspection_c/rero_ros/msg/detail/intent__type_support.c.o[0m
[7.443s] [ 40%] [32m[1mLinking C shared library librero_ros__rosidl_typesupport_introspection_c.so[0m
[7.513s] [ 40%] Built target rero_ros__rosidl_typesupport_introspection_c
[7.535s] [ 42%] [34m[1mGenerating C type support dispatch for ROS interfaces[0m
[7.934s] [ 44%] [32mBuilding CXX object CMakeFiles/rero_ros__rosidl_typesupport_cpp.dir/rosidl_typesupport_cpp/rero_ros/msg/intent__type_support.cpp.o[0m
[8.049s] [ 46%] [32mBuilding CXX object CMakeFiles/rero_ros__rosidl_typesupport_c.dir/rosidl_typesupport_c/rero_ros/msg/slot__type_support.cpp.o[0m
[8.136s] [ 48%] [32mBuilding CXX object CMakeFiles/rero_ros__rosidl_typesupport_c.dir/rosidl_typesupport_c/rero_ros/msg/intent__type_support.cpp.o[0m
[8.225s] [ 50%] [32m[1mLinking CXX shared library librero_ros__rosidl_typesupport_c.so[0m
[8.245s] [ 52%] [32mBuilding CXX object CMakeFiles/rero_ros__rosidl_typesupport_fastrtps_cpp.dir/rosidl_typesupport_fastrtps_cpp/rero_ros/msg/detail/dds_fastrtps/intent__type_support.cpp.o[0m
[8.274s] [ 54%] [32mBuilding CXX object CMakeFiles/rero_ros__rosidl_typesupport_fastrtps_c.dir/rosidl_typesupport_fastrtps_c/rero_ros/msg/detail/intent__type_support_c.cpp.o[0m
[8.312s] [ 54%] Built target rero_ros__rosidl_typesupport_c
[8.333s] [ 56%] [34m[1mGenerating C++ introspection for ROS interfaces[0m
[8.630s] [ 58%] [32m[1mLinking CXX shared library librero_ros__rosidl_typesupport_cpp.so[0m
[8.721s] [ 58%] Built target rero_ros__rosidl_typesupport_cpp
[8.770s] [ 60%] [32mBuilding CXX object CMakeFiles/nlu.dir/src/nlu.cpp.o[0m
[8.939s] [ 62%] [32mBuilding CXX object CMakeFiles/rero_ros__rosidl_typesupport_introspection_cpp.dir/rosidl_typesupport_introspection_cpp/rero_ros/msg/detail/slot__type_support.cpp.o[0m
[9.237s] [ 64%] [32m[1mLinking CXX shared library librero_ros__rosidl_typesupport_fastrtps_c.so[0m
[9.348s] [ 66%] [32m[1mLinking CXX shared library librero_ros__rosidl_typesupport_fastrtps_cpp.so[0m
[9.429s] [ 66%] Built target rero_ros__rosidl_typesupport_fastrtps_c
[9.481s] [ 68%] [32mBuilding CXX object CMakeFiles/speech_recognition.dir/src/speech_recognition.cpp.o[0m
[9.542s] [ 68%] Built target rero_ros__rosidl_typesupport_fastrtps_cpp
[9.587s] [ 70%] [32mBuilding CXX object CMakeFiles/text_to_speech.dir/src/text_to_speech.cpp.o[0m
[9.646s] [ 72%] [32mBuilding CXX object CMakeFiles/rero_ros__rosidl_typesupport_introspection_cpp.dir/rosidl_typesupport_introspection_cpp/rero_ros/msg/detail/intent__type_support.cpp.o[0m
[10.349s] [ 74%] [32m[1mLinking CXX shared library librero_ros__rosidl_typesupport_introspection_cpp.so[0m
[10.554s] [ 74%] Built target rero_ros__rosidl_typesupport_introspection_cpp
[10.601s] [ 74%] Built target rero_ros
[10.655s] [ 76%] [34m[1mGenerating Python code for ROS interfaces[0m
[11.501s] [ 76%] Built target rero_ros__py
[11.547s] [ 78%] [32mBuilding C object CMakeFiles/rero_ros__rosidl_generator_py.dir/rosidl_generator_py/rero_ros/msg/_slot_s.c.o[0m
[11.827s] [ 80%] [32mBuilding C object CMakeFiles/rero_ros__rosidl_generator_py.dir/rosidl_generator_py/rero_ros/msg/_intent_s.c.o[0m
[12.102s] [ 82%] [32m[1mLinking C shared library librero_ros__rosidl_generator_py.so[0m
[12.207s] [ 82%] Built target rero_ros__rosidl_generator_py
[12.252s] [ 84%] [32mBuilding C object CMakeFiles/rero_ros_s__rosidl_typesupport_fastrtps_c.dir/rosidl_generator_py/rero_ros/_rero_ros_s.ep.rosidl_typesupport_fastrtps_c.c.o[0m
[12.484s] [ 86%] [32m[1mLinking C shared module rosidl_generator_py/rero_ros/rero_ros_s__rosidl_typesupport_fastrtps_c.so[0m
[12.561s] [ 86%] Built target rero_ros_s__rosidl_typesupport_fastrtps_c
[12.656s] [ 88%] [32mBuilding C object CMakeFiles/rero_ros_s__rosidl_typesupport_introspection_c.dir/rosidl_generator_py/rero_ros/_rero_ros_s.ep.rosidl_typesupport_introspection_c.c.o[0m
[12.982s] [ 90%] [32m[1mLinking C shared module rosidl_generator_py/rero_ros/rero_ros_s__rosidl_typesupport_introspection_c.so[0m
[13.050s] [ 90%] Built target rero_ros_s__rosidl_typesupport_introspection_c
[13.097s] [ 92%] [32mBuilding C object CMakeFiles/rero_ros_s__rosidl_typesupport_c.dir/rosidl_generator_py/rero_ros/_rero_ros_s.ep.rosidl_typesupport_c.c.o[0m
[13.322s] [ 94%] [32m[1mLinking C shared module rosidl_generator_py/rero_ros/rero_ros_s__rosidl_typesupport_c.so[0m
[13.391s] [ 94%] Built target rero_ros_s__rosidl_typesupport_c
[23.477s] [ 96%] [32m[1mLinking CXX executable speech_recognition[0m
[30.639s] [ 98%] [32m[1mLinking CXX executable text_to_speech[0m
[32.057s] [100%] [32m[1mLinking CXX executable nlu[0m
[33.936s] /usr/bin/ld: CMakeFiles/speech_recognition.dir/src/speech_recognition.cpp.o: in function `std::__detail::_MakeUniq<SpeechRecognitionClient>::__single_object std::make_unique<SpeechRecognitionClient, std::shared_ptr<grpc::Channel>&, std::shared_ptr<grpc::Channel>&>(std::shared_ptr<grpc::Channel>&, std::shared_ptr<grpc::Channel>&)':
[33.936s] speech_recognition.cpp:(.text._ZSt11make_uniqueI23SpeechRecognitionClientJRSt10shared_ptrIN4grpc7ChannelEES5_EENSt8__detail9_MakeUniqIT_E15__single_objectEDpOT0_[_ZSt11make_uniqueI23SpeechRecognitionClientJRSt10shared_ptrIN4grpc7ChannelEES5_EENSt8__detail9_MakeUniqIT_E15__single_objectEDpOT0_]+0xb8): undefined reference to `SpeechRecognitionClient::SpeechRecognitionClient(std::shared_ptr<grpc::Channel> const&, std::shared_ptr<grpc::Channel> const&, unsigned int, unsigned int, std::__cxx11::basic_string<char, std::char_traits<char>, std::allocator<char> >, unsigned int, unsigned int, unsigned int)'
[38.588s] collect2: error: ld returned 1 exit status
[38.592s] gmake[2]: *** [CMakeFiles/speech_recognition.dir/build.make:279: speech_recognition] Error 1
[38.592s] gmake[1]: *** [CMakeFiles/Makefile2:657: CMakeFiles/speech_recognition.dir/all] Error 2
[38.593s] gmake[1]: *** Waiting for unfinished jobs....
[44.500s] [100%] Built target text_to_speech
[45.590s] [100%] Built target nlu
[45.593s] gmake: *** [Makefile:146: all] Error 2
[45.596s] Invoked command in '/home/turtle/ws/rero_ros/build/rero_ros' returned '2': CMAKE_PREFIX_PATH=${CMAKE_PREFIX_PATH}:/opt/ros/jazzy DEBUGINFOD_URLS=https://debuginfod.ubuntu.com /usr/bin/cmake --build /home/turtle/ws/rero_ros/build/rero_ros -- -j4 -l4
