[0.035s] Invoking command in '/home/turtle/ws/rero_ros/build/rero_ros': CMAKE_PREFIX_PATH=${CMAKE_PREFIX_PATH}:/opt/ros/jazzy DEBUGINFOD_URLS=https://debuginfod.ubuntu.com /usr/bin/cmake --build /home/turtle/ws/rero_ros/build/rero_ros -- -j4 -l4
[0.129s] [  2%] Built target rero_ros__rosidl_generator_type_description
[0.144s] [  2%] Built target ament_cmake_python_symlink_rero_ros
[0.166s] [  4%] Built target rero_ros__cpp
[0.173s] [ 20%] Built target rero_ros__rosidl_generator_c
[0.226s] [ 28%] Built target rero_ros__rosidl_typesupport_fastrtps_c
[0.236s] [ 36%] Built target rero_ros__rosidl_typesupport_cpp
[0.246s] [ 44%] Built target rero_ros__rosidl_typesupport_fastrtps_cpp
[0.281s] [ 52%] Built target rero_ros__rosidl_typesupport_introspection_c
[0.299s] [ 60%] Built target rero_ros__rosidl_typesupport_introspection_cpp
[0.320s] [ 68%] Built target rero_ros__rosidl_typesupport_c
[0.344s] [ 72%] Built target nlu
[0.400s] [ 72%] Built target rero_ros
[0.420s] [ 76%] Built target text_to_speech
[0.427s] [ 78%] [32mBuilding CXX object CMakeFiles/speech_recognition.dir/src/speech_recognition.cpp.o[0m
[0.456s] [ 80%] Built target rero_ros__py
[0.503s] [ 86%] Built target rero_ros__rosidl_generator_py
[0.552s] [ 90%] Built target rero_ros_s__rosidl_typesupport_fastrtps_c
[0.560s] running egg_info
[0.565s] [ 94%] Built target rero_ros_s__rosidl_typesupport_introspection_c
[0.593s] writing rero_ros.egg-info/PKG-INFO
[0.594s] writing dependency_links to rero_ros.egg-info/dependency_links.txt
[0.598s] [ 98%] Built target rero_ros_s__rosidl_typesupport_c
[0.601s] writing top-level names to rero_ros.egg-info/top_level.txt
[0.684s] reading manifest file 'rero_ros.egg-info/SOURCES.txt'
[0.685s] writing manifest file 'rero_ros.egg-info/SOURCES.txt'
[0.753s] [ 98%] Built target ament_cmake_python_build_rero_ros_egg
[1.372s] In file included from [01m[K/home/turtle/ws/rero_ros/src/speech_recognition.cpp:5[m[K:
[1.372s] [01m[K/home/turtle/ws/rero_ros/lib/client/include/SpeechRecognitionClient.h:17:10:[m[K [01;31m[Kfatal error: [m[Kaudio.grpc.pb.h: No such file or directory
[1.373s]    17 | #include [01;31m[K"audio.grpc.pb.h"[m[K
[1.373s]       |          [01;31m[K^~~~~~~~~~~~~~~~~[m[K
[1.373s] compilation terminated.
[1.393s] gmake[2]: *** [CMakeFiles/speech_recognition.dir/build.make:76: CMakeFiles/speech_recognition.dir/src/speech_recognition.cpp.o] Error 1
[1.393s] gmake[1]: *** [CMakeFiles/Makefile2:657: CMakeFiles/speech_recognition.dir/all] Error 2
[1.393s] gmake: *** [Makefile:146: all] Error 2
[1.397s] Invoked command in '/home/turtle/ws/rero_ros/build/rero_ros' returned '2': CMAKE_PREFIX_PATH=${CMAKE_PREFIX_PATH}:/opt/ros/jazzy DEBUGINFOD_URLS=https://debuginfod.ubuntu.com /usr/bin/cmake --build /home/turtle/ws/rero_ros/build/rero_ros -- -j4 -l4
