[0.145s] DEBUG:colcon:Command line arguments: ['/usr/bin/colcon', 'build', '--symlink-install', '--cmake-args', '-DGRPC_FETCHCONTENT=OFF', '-DCMAKE_PREFIX_PATH=~/grpc_install']
[0.145s] DEBUG:colcon:Parsed command line arguments: Namespace(log_base=None, log_level=None, verb_name='build', build_base='build', install_base='install', merge_install=False, symlink_install=True, test_result_base=None, continue_on_error=False, executor='parallel', parallel_workers=4, event_handlers=None, ignore_user_meta=False, metas=['./colcon.meta'], base_paths=['.'], packages_ignore=None, packages_ignore_regex=None, paths=None, packages_up_to=None, packages_up_to_regex=None, packages_above=None, packages_above_and_dependencies=None, packages_above_depth=None, packages_select_by_dep=None, packages_skip_by_dep=None, packages_skip_up_to=None, packages_select_build_failed=False, packages_skip_build_finished=False, packages_select_test_failures=False, packages_skip_test_passed=False, packages_select=None, packages_skip=None, packages_select_regex=None, packages_skip_regex=None, packages_start=None, packages_end=None, allow_overriding=[], cmake_args=['-DGRPC_FETCHCONTENT=OFF', '-DCMAKE_PREFIX_PATH=~/grpc_install'], cmake_target=None, cmake_target_skip_unavailable=False, cmake_clean_cache=False, cmake_clean_first=False, cmake_force_configure=False, ament_cmake_args=None, catkin_cmake_args=None, catkin_skip_building_tests=False, mixin_files=None, mixin=None, verb_parser=<colcon_mixin.mixin.mixin_argument.MixinArgumentDecorator object at 0xffff7e593fb0>, verb_extension=<colcon_core.verb.build.BuildVerb object at 0xffff7e77c4a0>, main=<bound method BuildVerb.main of <colcon_core.verb.build.BuildVerb object at 0xffff7e77c4a0>>, mixin_verb=('build',))
[0.202s] Level 1:colcon.colcon_core.package_discovery:discover_packages(colcon_meta) check parameters
[0.202s] Level 1:colcon.colcon_core.package_discovery:discover_packages(recursive) check parameters
[0.203s] Level 1:colcon.colcon_core.package_discovery:discover_packages(ignore) check parameters
[0.203s] Level 1:colcon.colcon_core.package_discovery:discover_packages(path) check parameters
[0.203s] Level 1:colcon.colcon_core.package_discovery:discover_packages(colcon_meta) discover
[0.203s] Level 1:colcon.colcon_core.package_discovery:discover_packages(recursive) discover
[0.203s] INFO:colcon.colcon_core.package_discovery:Crawling recursively for packages in '/home/turtle/ws/rero_ros'
[0.203s] Level 1:colcon.colcon_core.package_identification:_identify(.) by extensions ['ignore', 'ignore_ament_install']
[0.203s] Level 1:colcon.colcon_core.package_identification:_identify(.) by extension 'ignore'
[0.203s] Level 1:colcon.colcon_core.package_identification:_identify(.) by extension 'ignore_ament_install'
[0.203s] Level 1:colcon.colcon_core.package_identification:_identify(.) by extensions ['colcon_pkg']
[0.203s] Level 1:colcon.colcon_core.package_identification:_identify(.) by extension 'colcon_pkg'
[0.203s] Level 1:colcon.colcon_core.package_identification:_identify(.) by extensions ['colcon_meta']
[0.203s] Level 1:colcon.colcon_core.package_identification:_identify(.) by extension 'colcon_meta'
[0.203s] Level 1:colcon.colcon_core.package_identification:_identify(.) by extensions ['ros']
[0.203s] Level 1:colcon.colcon_core.package_identification:_identify(.) by extension 'ros'
[0.243s] DEBUG:colcon.colcon_core.package_identification:Package '.' with type 'ros.ament_cmake' and name 'rero_ros'
[0.244s] Level 1:colcon.colcon_core.package_discovery:discover_packages(recursive) using defaults
[0.244s] Level 1:colcon.colcon_core.package_discovery:discover_packages(ignore) discover
[0.244s] Level 1:colcon.colcon_core.package_discovery:discover_packages(ignore) using defaults
[0.244s] Level 1:colcon.colcon_core.package_discovery:discover_packages(path) discover
[0.244s] Level 1:colcon.colcon_core.package_discovery:discover_packages(path) using defaults
[0.266s] Level 1:colcon.colcon_core.package_discovery:discover_packages(prefix_path) check parameters
[0.267s] Level 1:colcon.colcon_core.package_discovery:discover_packages(prefix_path) discover
[0.270s] DEBUG:colcon.colcon_installed_package_information.package_discovery:Found 296 installed packages in /opt/ros/jazzy
[0.273s] Level 1:colcon.colcon_core.package_discovery:discover_packages(prefix_path) using defaults
[0.332s] Level 5:colcon.colcon_core.verb:set package 'rero_ros' build argument 'cmake_args' from command line to '['-DGRPC_FETCHCONTENT=OFF', '-DCMAKE_PREFIX_PATH=~/grpc_install']'
[0.333s] Level 5:colcon.colcon_core.verb:set package 'rero_ros' build argument 'cmake_target' from command line to 'None'
[0.333s] Level 5:colcon.colcon_core.verb:set package 'rero_ros' build argument 'cmake_target_skip_unavailable' from command line to 'False'
[0.333s] Level 5:colcon.colcon_core.verb:set package 'rero_ros' build argument 'cmake_clean_cache' from command line to 'False'
[0.333s] Level 5:colcon.colcon_core.verb:set package 'rero_ros' build argument 'cmake_clean_first' from command line to 'False'
[0.333s] Level 5:colcon.colcon_core.verb:set package 'rero_ros' build argument 'cmake_force_configure' from command line to 'False'
[0.333s] Level 5:colcon.colcon_core.verb:set package 'rero_ros' build argument 'ament_cmake_args' from command line to 'None'
[0.333s] Level 5:colcon.colcon_core.verb:set package 'rero_ros' build argument 'catkin_cmake_args' from command line to 'None'
[0.333s] Level 5:colcon.colcon_core.verb:set package 'rero_ros' build argument 'catkin_skip_building_tests' from command line to 'False'
[0.333s] DEBUG:colcon.colcon_core.verb:Building package 'rero_ros' with the following arguments: {'ament_cmake_args': None, 'build_base': '/home/turtle/ws/rero_ros/build/rero_ros', 'catkin_cmake_args': None, 'catkin_skip_building_tests': False, 'cmake_args': ['-DGRPC_FETCHCONTENT=OFF', '-DCMAKE_PREFIX_PATH=~/grpc_install'], 'cmake_clean_cache': False, 'cmake_clean_first': False, 'cmake_force_configure': False, 'cmake_target': None, 'cmake_target_skip_unavailable': False, 'install_base': '/home/turtle/ws/rero_ros/install/rero_ros', 'merge_install': False, 'path': '/home/turtle/ws/rero_ros', 'symlink_install': True, 'test_result_base': None}
[0.333s] INFO:colcon.colcon_core.executor:Executing jobs using 'parallel' executor
[0.334s] DEBUG:colcon.colcon_parallel_executor.executor.parallel:run_until_complete
[0.335s] INFO:colcon.colcon_ros.task.ament_cmake.build:Building ROS package in '/home/turtle/ws/rero_ros' with build type 'ament_cmake'
[0.335s] INFO:colcon.colcon_cmake.task.cmake.build:Building CMake package in '/home/turtle/ws/rero_ros'
[0.337s] INFO:colcon.colcon_core.plugin_system:Skipping extension 'colcon_core.shell.bat': Not used on non-Windows systems
[0.337s] INFO:colcon.colcon_core.shell:Skip shell extension 'powershell' for command environment: Not usable outside of PowerShell
[0.337s] DEBUG:colcon.colcon_core.shell:Skip shell extension 'dsv' for command environment
[0.357s] DEBUG:colcon.colcon_core.event_handler.log_command:Invoking command in '/home/turtle/ws/rero_ros/build/rero_ros': CMAKE_PREFIX_PATH=${CMAKE_PREFIX_PATH}:/opt/ros/jazzy DEBUGINFOD_URLS=https://debuginfod.ubuntu.com /usr/bin/cmake --build /home/turtle/ws/rero_ros/build/rero_ros -- -j4 -l4
[22.275s] DEBUG:colcon.colcon_core.event_handler.log_command:Invoked command in '/home/turtle/ws/rero_ros/build/rero_ros' returned '0': CMAKE_PREFIX_PATH=${CMAKE_PREFIX_PATH}:/opt/ros/jazzy DEBUGINFOD_URLS=https://debuginfod.ubuntu.com /usr/bin/cmake --build /home/turtle/ws/rero_ros/build/rero_ros -- -j4 -l4
[22.293s] DEBUG:colcon.colcon_core.event_handler.log_command:Invoking command in '/home/turtle/ws/rero_ros/build/rero_ros': CMAKE_PREFIX_PATH=${CMAKE_PREFIX_PATH}:/opt/ros/jazzy DEBUGINFOD_URLS=https://debuginfod.ubuntu.com /usr/bin/cmake --install /home/turtle/ws/rero_ros/build/rero_ros
[23.810s] Level 1:colcon.colcon_core.environment:create_environment_scripts_only(rero_ros)
[23.810s] DEBUG:colcon.colcon_core.event_handler.log_command:Invoked command in '/home/turtle/ws/rero_ros/build/rero_ros' returned '0': CMAKE_PREFIX_PATH=${CMAKE_PREFIX_PATH}:/opt/ros/jazzy DEBUGINFOD_URLS=https://debuginfod.ubuntu.com /usr/bin/cmake --install /home/turtle/ws/rero_ros/build/rero_ros
[23.813s] Level 1:colcon.colcon_core.environment:checking '/home/turtle/ws/rero_ros/install/rero_ros' for CMake module files
[23.814s] Level 1:colcon.colcon_core.environment:checking '/home/turtle/ws/rero_ros/install/rero_ros' for CMake config files
[23.815s] Level 1:colcon.colcon_core.shell:create_environment_hook('rero_ros', 'cmake_prefix_path')
[23.815s] INFO:colcon.colcon_core.shell:Creating environment hook '/home/turtle/ws/rero_ros/install/rero_ros/share/rero_ros/hook/cmake_prefix_path.ps1'
[23.816s] INFO:colcon.colcon_core.shell:Creating environment descriptor '/home/turtle/ws/rero_ros/install/rero_ros/share/rero_ros/hook/cmake_prefix_path.dsv'
[23.817s] INFO:colcon.colcon_core.shell:Creating environment hook '/home/turtle/ws/rero_ros/install/rero_ros/share/rero_ros/hook/cmake_prefix_path.sh'
[23.818s] Level 1:colcon.colcon_core.environment:checking '/home/turtle/ws/rero_ros/install/rero_ros/lib'
[23.818s] Level 1:colcon.colcon_core.shell:create_environment_hook('rero_ros', 'ld_library_path_lib')
[23.818s] INFO:colcon.colcon_core.shell:Creating environment hook '/home/turtle/ws/rero_ros/install/rero_ros/share/rero_ros/hook/ld_library_path_lib.ps1'
[23.819s] INFO:colcon.colcon_core.shell:Creating environment descriptor '/home/turtle/ws/rero_ros/install/rero_ros/share/rero_ros/hook/ld_library_path_lib.dsv'
[23.819s] INFO:colcon.colcon_core.shell:Creating environment hook '/home/turtle/ws/rero_ros/install/rero_ros/share/rero_ros/hook/ld_library_path_lib.sh'
[23.819s] Level 1:colcon.colcon_core.environment:checking '/home/turtle/ws/rero_ros/install/rero_ros/bin'
[23.820s] Level 1:colcon.colcon_core.environment:checking '/home/turtle/ws/rero_ros/install/rero_ros/lib/pkgconfig/rero_ros.pc'
[23.820s] Level 1:colcon.colcon_core.environment:checking '/home/turtle/ws/rero_ros/install/rero_ros/lib/python3.12/site-packages'
[23.820s] Level 1:colcon.colcon_core.shell:create_environment_hook('rero_ros', 'pythonpath')
[23.820s] INFO:colcon.colcon_core.shell:Creating environment hook '/home/turtle/ws/rero_ros/install/rero_ros/share/rero_ros/hook/pythonpath.ps1'
[23.821s] INFO:colcon.colcon_core.shell:Creating environment descriptor '/home/turtle/ws/rero_ros/install/rero_ros/share/rero_ros/hook/pythonpath.dsv'
[23.821s] INFO:colcon.colcon_core.shell:Creating environment hook '/home/turtle/ws/rero_ros/install/rero_ros/share/rero_ros/hook/pythonpath.sh'
[23.822s] Level 1:colcon.colcon_core.environment:checking '/home/turtle/ws/rero_ros/install/rero_ros/bin'
[23.822s] INFO:colcon.colcon_core.shell:Creating package script '/home/turtle/ws/rero_ros/install/rero_ros/share/rero_ros/package.ps1'
[23.865s] INFO:colcon.colcon_core.shell:Creating package descriptor '/home/turtle/ws/rero_ros/install/rero_ros/share/rero_ros/package.dsv'
[23.866s] INFO:colcon.colcon_core.shell:Creating package script '/home/turtle/ws/rero_ros/install/rero_ros/share/rero_ros/package.sh'
[23.871s] INFO:colcon.colcon_core.shell:Creating package script '/home/turtle/ws/rero_ros/install/rero_ros/share/rero_ros/package.bash'
[23.878s] INFO:colcon.colcon_core.shell:Creating package script '/home/turtle/ws/rero_ros/install/rero_ros/share/rero_ros/package.zsh'
[23.883s] Level 1:colcon.colcon_core.environment:create_file_with_runtime_dependencies(/home/turtle/ws/rero_ros/install/rero_ros/share/colcon-core/packages/rero_ros)
[23.890s] Level 1:colcon.colcon_core.environment:create_environment_scripts_only(rero_ros)
[23.890s] Level 1:colcon.colcon_core.environment:checking '/home/turtle/ws/rero_ros/install/rero_ros' for CMake module files
[23.892s] Level 1:colcon.colcon_core.environment:checking '/home/turtle/ws/rero_ros/install/rero_ros' for CMake config files
[23.893s] Level 1:colcon.colcon_core.shell:create_environment_hook('rero_ros', 'cmake_prefix_path')
[23.894s] INFO:colcon.colcon_core.shell:Creating environment hook '/home/turtle/ws/rero_ros/install/rero_ros/share/rero_ros/hook/cmake_prefix_path.ps1'
[23.908s] INFO:colcon.colcon_core.shell:Creating environment descriptor '/home/turtle/ws/rero_ros/install/rero_ros/share/rero_ros/hook/cmake_prefix_path.dsv'
[23.914s] INFO:colcon.colcon_core.shell:Creating environment hook '/home/turtle/ws/rero_ros/install/rero_ros/share/rero_ros/hook/cmake_prefix_path.sh'
[23.921s] Level 1:colcon.colcon_core.environment:checking '/home/turtle/ws/rero_ros/install/rero_ros/lib'
[23.921s] Level 1:colcon.colcon_core.shell:create_environment_hook('rero_ros', 'ld_library_path_lib')
[23.921s] INFO:colcon.colcon_core.shell:Creating environment hook '/home/turtle/ws/rero_ros/install/rero_ros/share/rero_ros/hook/ld_library_path_lib.ps1'
[23.925s] INFO:colcon.colcon_core.shell:Creating environment descriptor '/home/turtle/ws/rero_ros/install/rero_ros/share/rero_ros/hook/ld_library_path_lib.dsv'
[23.931s] INFO:colcon.colcon_core.shell:Creating environment hook '/home/turtle/ws/rero_ros/install/rero_ros/share/rero_ros/hook/ld_library_path_lib.sh'
[23.939s] Level 1:colcon.colcon_core.environment:checking '/home/turtle/ws/rero_ros/install/rero_ros/bin'
[23.939s] Level 1:colcon.colcon_core.environment:checking '/home/turtle/ws/rero_ros/install/rero_ros/lib/pkgconfig/rero_ros.pc'
[23.940s] Level 1:colcon.colcon_core.environment:checking '/home/turtle/ws/rero_ros/install/rero_ros/lib/python3.12/site-packages'
[23.940s] Level 1:colcon.colcon_core.shell:create_environment_hook('rero_ros', 'pythonpath')
[23.941s] INFO:colcon.colcon_core.shell:Creating environment hook '/home/turtle/ws/rero_ros/install/rero_ros/share/rero_ros/hook/pythonpath.ps1'
[23.945s] INFO:colcon.colcon_core.shell:Creating environment descriptor '/home/turtle/ws/rero_ros/install/rero_ros/share/rero_ros/hook/pythonpath.dsv'
[23.952s] INFO:colcon.colcon_core.shell:Creating environment hook '/home/turtle/ws/rero_ros/install/rero_ros/share/rero_ros/hook/pythonpath.sh'
[23.959s] Level 1:colcon.colcon_core.environment:checking '/home/turtle/ws/rero_ros/install/rero_ros/bin'
[23.960s] INFO:colcon.colcon_core.shell:Creating package script '/home/turtle/ws/rero_ros/install/rero_ros/share/rero_ros/package.ps1'
[23.967s] INFO:colcon.colcon_core.shell:Creating package descriptor '/home/turtle/ws/rero_ros/install/rero_ros/share/rero_ros/package.dsv'
[23.986s] INFO:colcon.colcon_core.shell:Creating package script '/home/turtle/ws/rero_ros/install/rero_ros/share/rero_ros/package.sh'
[23.991s] INFO:colcon.colcon_core.shell:Creating package script '/home/turtle/ws/rero_ros/install/rero_ros/share/rero_ros/package.bash'
[23.997s] INFO:colcon.colcon_core.shell:Creating package script '/home/turtle/ws/rero_ros/install/rero_ros/share/rero_ros/package.zsh'
[24.004s] Level 1:colcon.colcon_core.environment:create_file_with_runtime_dependencies(/home/turtle/ws/rero_ros/install/rero_ros/share/colcon-core/packages/rero_ros)
[24.010s] DEBUG:colcon.colcon_parallel_executor.executor.parallel:closing loop
[24.011s] DEBUG:colcon.colcon_parallel_executor.executor.parallel:loop closed
[24.012s] DEBUG:colcon.colcon_parallel_executor.executor.parallel:run_until_complete finished with '0'
[24.012s] DEBUG:colcon.colcon_core.event_reactor:joining thread
[24.027s] INFO:colcon.colcon_core.plugin_system:Skipping extension 'colcon_notification.desktop_notification.terminal_notifier': Not used on non-Darwin systems
[24.027s] INFO:colcon.colcon_core.plugin_system:Skipping extension 'colcon_notification.desktop_notification.win32': Not used on non-Windows systems
[24.027s] INFO:colcon.colcon_notification.desktop_notification:Sending desktop notification using 'notify2'
[24.047s] DEBUG:colcon.colcon_core.event_reactor:joined thread
[24.048s] INFO:colcon.colcon_core.shell:Creating prefix script '/home/turtle/ws/rero_ros/install/local_setup.ps1'
[24.050s] INFO:colcon.colcon_core.shell:Creating prefix util module '/home/turtle/ws/rero_ros/install/_local_setup_util_ps1.py'
[24.056s] INFO:colcon.colcon_core.shell:Creating prefix chain script '/home/turtle/ws/rero_ros/install/setup.ps1'
[24.063s] INFO:colcon.colcon_core.shell:Creating prefix script '/home/turtle/ws/rero_ros/install/local_setup.sh'
[24.082s] INFO:colcon.colcon_core.shell:Creating prefix util module '/home/turtle/ws/rero_ros/install/_local_setup_util_sh.py'
[24.087s] INFO:colcon.colcon_core.shell:Creating prefix chain script '/home/turtle/ws/rero_ros/install/setup.sh'
[24.094s] INFO:colcon.colcon_core.shell:Creating prefix script '/home/turtle/ws/rero_ros/install/local_setup.bash'
[24.098s] INFO:colcon.colcon_core.shell:Creating prefix chain script '/home/turtle/ws/rero_ros/install/setup.bash'
[24.104s] INFO:colcon.colcon_core.shell:Creating prefix script '/home/turtle/ws/rero_ros/install/local_setup.zsh'
[24.121s] INFO:colcon.colcon_core.shell:Creating prefix chain script '/home/turtle/ws/rero_ros/install/setup.zsh'
